INFO - 2024-12-30 06:06:50 --> Session: Class initialized using 'CodeIgniter\Session\Handlers\FileHandler' driver.
INFO - 2024-12-30 06:07:12 --> Session: Class initialized using 'CodeIgniter\Session\Handlers\FileHandler' driver.
INFO - 2024-12-30 06:07:12 --> Session: Class initialized using 'CodeIgniter\Session\Handlers\FileHandler' driver.
INFO - 2024-12-30 06:07:16 --> Session: Class initialized using 'CodeIgniter\Session\Handlers\FileHandler' driver.
INFO - 2024-12-30 06:10:59 --> Session: Class initialized using 'CodeIgniter\Session\Handlers\FileHandler' driver.
INFO - 2024-12-30 06:11:09 --> Session: Class initialized using 'CodeIgniter\Session\Handlers\FileHandler' driver.
INFO - 2024-12-30 06:11:10 --> Session: Class initialized using 'CodeIgniter\Session\Handlers\FileHandler' driver.
INFO - 2024-12-30 06:11:12 --> Session: Class initialized using 'CodeIgniter\Session\Handlers\FileHandler' driver.
INFO - 2024-12-30 06:11:13 --> Session: Class initialized using 'CodeIgniter\Session\Handlers\FileHandler' driver.
INFO - 2024-12-30 06:11:16 --> Session: Class initialized using 'CodeIgniter\Session\Handlers\FileHandler' driver.
INFO - 2024-12-30 06:11:36 --> Session: Class initialized using 'CodeIgniter\Session\Handlers\FileHandler' driver.
INFO - 2024-12-30 06:16:42 --> Session: Class initialized using 'CodeIgniter\Session\Handlers\FileHandler' driver.
INFO - 2024-12-30 06:16:42 --> Session: Class initialized using 'CodeIgniter\Session\Handlers\FileHandler' driver.
INFO - 2024-12-30 06:17:56 --> Session: Class initialized using 'CodeIgniter\Session\Handlers\FileHandler' driver.
INFO - 2024-12-30 06:18:10 --> Session: Class initialized using 'CodeIgniter\Session\Handlers\FileHandler' driver.
INFO - 2024-12-30 07:06:05 --> Session: Class initialized using 'CodeIgniter\Session\Handlers\FileHandler' driver.
INFO - 2024-12-30 07:10:35 --> Session: Class initialized using 'CodeIgniter\Session\Handlers\FileHandler' driver.
INFO - 2024-12-30 07:10:39 --> Session: Class initialized using 'CodeIgniter\Session\Handlers\FileHandler' driver.
INFO - 2024-12-30 07:12:52 --> Session: Class initialized using 'CodeIgniter\Session\Handlers\FileHandler' driver.
INFO - 2024-12-30 07:14:44 --> Session: Class initialized using 'CodeIgniter\Session\Handlers\FileHandler' driver.
INFO - 2024-12-30 07:15:28 --> Session: Class initialized using 'CodeIgniter\Session\Handlers\FileHandler' driver.
CRITICAL - 2024-12-30 07:15:29 --> CodeIgniter\View\Exceptions\ViewException: Invalid file: "management_perangkat_tautan.php"
[Method: GET, Route: manage/perangkat]
in SYSTEMPATH\Exceptions\FrameworkException.php on line 41.
 1 SYSTEMPATH\View\View.php(222): CodeIgniter\Exceptions\FrameworkException::forInvalidFile('management_perangkat_tautan.php')
 2 SYSTEMPATH\Common.php(1171): CodeIgniter\View\View->render('management_perangkat_tautan', [], true)
 3 APPPATH\Controllers\Home.php(82): view('management_perangkat_tautan', [...])
 4 SYSTEMPATH\CodeIgniter.php(933): App\Controllers\Home->management_perangkat_tautan()
 5 SYSTEMPATH\CodeIgniter.php(509): CodeIgniter\CodeIgniter->runController(Object(App\Controllers\Home))
 6 SYSTEMPATH\CodeIgniter.php(355): CodeIgniter\CodeIgniter->handleRequest(null, Object(Config\Cache), false)
 7 SYSTEMPATH\Boot.php(312): CodeIgniter\CodeIgniter->run()
 8 SYSTEMPATH\Boot.php(67): CodeIgniter\Boot::runCodeIgniter(Object(CodeIgniter\CodeIgniter))
 9 FCPATH\index.php(56): CodeIgniter\Boot::bootWeb(Object(Config\Paths))
INFO - 2024-12-30 07:25:27 --> Session: Class initialized using 'CodeIgniter\Session\Handlers\FileHandler' driver.
INFO - 2024-12-30 07:26:08 --> Session: Class initialized using 'CodeIgniter\Session\Handlers\FileHandler' driver.
INFO - 2024-12-30 07:26:20 --> Session: Class initialized using 'CodeIgniter\Session\Handlers\FileHandler' driver.
INFO - 2024-12-30 07:26:21 --> Session: Class initialized using 'CodeIgniter\Session\Handlers\FileHandler' driver.
INFO - 2024-12-30 07:26:23 --> Session: Class initialized using 'CodeIgniter\Session\Handlers\FileHandler' driver.
INFO - 2024-12-30 07:26:24 --> Session: Class initialized using 'CodeIgniter\Session\Handlers\FileHandler' driver.
INFO - 2024-12-30 07:26:25 --> Session: Class initialized using 'CodeIgniter\Session\Handlers\FileHandler' driver.
INFO - 2024-12-30 07:26:26 --> Session: Class initialized using 'CodeIgniter\Session\Handlers\FileHandler' driver.
INFO - 2024-12-30 07:26:30 --> Session: Class initialized using 'CodeIgniter\Session\Handlers\FileHandler' driver.
INFO - 2024-12-30 07:26:41 --> Session: Class initialized using 'CodeIgniter\Session\Handlers\FileHandler' driver.
INFO - 2024-12-30 07:26:46 --> Session: Class initialized using 'CodeIgniter\Session\Handlers\FileHandler' driver.
INFO - 2024-12-30 07:27:29 --> Session: Class initialized using 'CodeIgniter\Session\Handlers\FileHandler' driver.
INFO - 2024-12-30 07:28:00 --> Session: Class initialized using 'CodeIgniter\Session\Handlers\FileHandler' driver.
INFO - 2024-12-30 07:28:09 --> Session: Class initialized using 'CodeIgniter\Session\Handlers\FileHandler' driver.
INFO - 2024-12-30 07:28:16 --> Session: Class initialized using 'CodeIgniter\Session\Handlers\FileHandler' driver.
INFO - 2024-12-30 07:30:28 --> Session: Class initialized using 'CodeIgniter\Session\Handlers\FileHandler' driver.
INFO - 2024-12-30 07:35:25 --> Session: Class initialized using 'CodeIgniter\Session\Handlers\FileHandler' driver.
INFO - 2024-12-30 07:35:27 --> Session: Class initialized using 'CodeIgniter\Session\Handlers\FileHandler' driver.
INFO - 2024-12-30 07:35:37 --> Session: Class initialized using 'CodeIgniter\Session\Handlers\FileHandler' driver.
INFO - 2024-12-30 07:35:47 --> Session: Class initialized using 'CodeIgniter\Session\Handlers\FileHandler' driver.
INFO - 2024-12-30 07:36:25 --> Session: Class initialized using 'CodeIgniter\Session\Handlers\FileHandler' driver.
INFO - 2024-12-30 07:36:55 --> Session: Class initialized using 'CodeIgniter\Session\Handlers\FileHandler' driver.
INFO - 2024-12-30 07:37:16 --> Session: Class initialized using 'CodeIgniter\Session\Handlers\FileHandler' driver.
INFO - 2024-12-30 07:37:28 --> Session: Class initialized using 'CodeIgniter\Session\Handlers\FileHandler' driver.
INFO - 2024-12-30 07:45:02 --> Session: Class initialized using 'CodeIgniter\Session\Handlers\FileHandler' driver.
INFO - 2024-12-30 07:45:04 --> Session: Class initialized using 'CodeIgniter\Session\Handlers\FileHandler' driver.
INFO - 2024-12-30 07:45:07 --> Session: Class initialized using 'CodeIgniter\Session\Handlers\FileHandler' driver.
INFO - 2024-12-30 07:45:09 --> Session: Class initialized using 'CodeIgniter\Session\Handlers\FileHandler' driver.
INFO - 2024-12-30 07:45:10 --> Session: Class initialized using 'CodeIgniter\Session\Handlers\FileHandler' driver.
INFO - 2024-12-30 07:46:17 --> Session: Class initialized using 'CodeIgniter\Session\Handlers\FileHandler' driver.
INFO - 2024-12-30 07:47:17 --> Session: Class initialized using 'CodeIgniter\Session\Handlers\FileHandler' driver.
INFO - 2024-12-30 07:52:42 --> Session: Class initialized using 'CodeIgniter\Session\Handlers\FileHandler' driver.
INFO - 2024-12-30 07:53:42 --> Session: Class initialized using 'CodeIgniter\Session\Handlers\FileHandler' driver.
INFO - 2024-12-30 07:53:43 --> Session: Class initialized using 'CodeIgniter\Session\Handlers\FileHandler' driver.
INFO - 2024-12-30 07:53:57 --> Session: Class initialized using 'CodeIgniter\Session\Handlers\FileHandler' driver.
INFO - 2024-12-30 07:55:35 --> Session: Class initialized using 'CodeIgniter\Session\Handlers\FileHandler' driver.
INFO - 2024-12-30 08:03:17 --> Session: Class initialized using 'CodeIgniter\Session\Handlers\FileHandler' driver.
INFO - 2024-12-30 08:03:22 --> Session: Class initialized using 'CodeIgniter\Session\Handlers\FileHandler' driver.
INFO - 2024-12-30 08:04:34 --> Session: Class initialized using 'CodeIgniter\Session\Handlers\FileHandler' driver.
INFO - 2024-12-30 08:04:44 --> Session: Class initialized using 'CodeIgniter\Session\Handlers\FileHandler' driver.
INFO - 2024-12-30 08:04:46 --> Session: Class initialized using 'CodeIgniter\Session\Handlers\FileHandler' driver.
INFO - 2024-12-30 08:08:27 --> Session: Class initialized using 'CodeIgniter\Session\Handlers\FileHandler' driver.
INFO - 2024-12-30 08:08:28 --> Session: Class initialized using 'CodeIgniter\Session\Handlers\FileHandler' driver.
INFO - 2024-12-30 08:08:29 --> Session: Class initialized using 'CodeIgniter\Session\Handlers\FileHandler' driver.
INFO - 2024-12-30 08:08:30 --> Session: Class initialized using 'CodeIgniter\Session\Handlers\FileHandler' driver.
INFO - 2024-12-30 08:08:32 --> Session: Class initialized using 'CodeIgniter\Session\Handlers\FileHandler' driver.
INFO - 2024-12-30 08:08:34 --> Session: Class initialized using 'CodeIgniter\Session\Handlers\FileHandler' driver.
INFO - 2024-12-30 08:08:34 --> Session: Class initialized using 'CodeIgniter\Session\Handlers\FileHandler' driver.
INFO - 2024-12-30 08:08:48 --> Session: Class initialized using 'CodeIgniter\Session\Handlers\FileHandler' driver.
INFO - 2024-12-30 08:08:49 --> Session: Class initialized using 'CodeIgniter\Session\Handlers\FileHandler' driver.
INFO - 2024-12-30 08:09:22 --> Session: Class initialized using 'CodeIgniter\Session\Handlers\FileHandler' driver.
INFO - 2024-12-30 08:15:17 --> Session: Class initialized using 'CodeIgniter\Session\Handlers\FileHandler' driver.
CRITICAL - 2024-12-30 08:15:17 --> ErrorException: Undefined property: App\Controllers\Home::$model_user
[Method: GET, Route: manage/user]
in APPPATH\Controllers\Home.php on line 66.
 1 APPPATH\Controllers\Home.php(66): CodeIgniter\Debug\Exceptions->errorHandler(2, 'Undefined property: App\\Controllers\\Home::$model_user', 'C:\\xampp\\htdocs\\portal-fgroupindonesia\\app\\Controllers\\Home.php', 66)
 2 SYSTEMPATH\CodeIgniter.php(933): App\Controllers\Home->management_user()
 3 SYSTEMPATH\CodeIgniter.php(509): CodeIgniter\CodeIgniter->runController(Object(App\Controllers\Home))
 4 SYSTEMPATH\CodeIgniter.php(355): CodeIgniter\CodeIgniter->handleRequest(null, Object(Config\Cache), false)
 5 SYSTEMPATH\Boot.php(312): CodeIgniter\CodeIgniter->run()
 6 SYSTEMPATH\Boot.php(67): CodeIgniter\Boot::runCodeIgniter(Object(CodeIgniter\CodeIgniter))
 7 FCPATH\index.php(56): CodeIgniter\Boot::bootWeb(Object(Config\Paths))
INFO - 2024-12-30 08:15:54 --> Session: Class initialized using 'CodeIgniter\Session\Handlers\FileHandler' driver.
CRITICAL - 2024-12-30 08:15:54 --> ErrorException: Undefined property: stdClass::$password
[Method: GET, Route: manage/user]
in APPPATH\Views\management_user.php on line 138.
 1 APPPATH\Views\management_user.php(138): CodeIgniter\Debug\Exceptions->errorHandler(2, 'Undefined property: stdClass::$password', 'C:\\xampp\\htdocs\\portal-fgroupindonesia\\app\\Views\\management_user.php', 138)
 2 SYSTEMPATH\View\View.php(234): include('C:\\xampp\\htdocs\\portal-fgroupindonesia\\app\\Views\\management_user.php')
 3 SYSTEMPATH\View\View.php(237): CodeIgniter\View\View->CodeIgniter\View\{closure}()
 4 SYSTEMPATH\Common.php(1171): CodeIgniter\View\View->render('management_user', [], true)
 5 APPPATH\Controllers\Home.php(72): view('management_user', [...])
 6 SYSTEMPATH\CodeIgniter.php(933): App\Controllers\Home->management_user()
 7 SYSTEMPATH\CodeIgniter.php(509): CodeIgniter\CodeIgniter->runController(Object(App\Controllers\Home))
 8 SYSTEMPATH\CodeIgniter.php(355): CodeIgniter\CodeIgniter->handleRequest(null, Object(Config\Cache), false)
 9 SYSTEMPATH\Boot.php(312): CodeIgniter\CodeIgniter->run()
10 SYSTEMPATH\Boot.php(67): CodeIgniter\Boot::runCodeIgniter(Object(CodeIgniter\CodeIgniter))
11 FCPATH\index.php(56): CodeIgniter\Boot::bootWeb(Object(Config\Paths))
INFO - 2024-12-30 08:16:04 --> Session: Class initialized using 'CodeIgniter\Session\Handlers\FileHandler' driver.
INFO - 2024-12-30 08:18:44 --> Session: Class initialized using 'CodeIgniter\Session\Handlers\FileHandler' driver.
INFO - 2024-12-30 08:18:59 --> Session: Class initialized using 'CodeIgniter\Session\Handlers\FileHandler' driver.
INFO - 2024-12-30 08:19:13 --> Session: Class initialized using 'CodeIgniter\Session\Handlers\FileHandler' driver.
INFO - 2024-12-30 08:19:42 --> Session: Class initialized using 'CodeIgniter\Session\Handlers\FileHandler' driver.
INFO - 2024-12-30 08:20:46 --> Session: Class initialized using 'CodeIgniter\Session\Handlers\FileHandler' driver.
INFO - 2024-12-30 08:29:50 --> Session: Class initialized using 'CodeIgniter\Session\Handlers\FileHandler' driver.
INFO - 2024-12-30 08:30:29 --> Session: Class initialized using 'CodeIgniter\Session\Handlers\FileHandler' driver.
INFO - 2024-12-30 08:31:43 --> Session: Class initialized using 'CodeIgniter\Session\Handlers\FileHandler' driver.
INFO - 2024-12-30 14:55:44 --> Session: Class initialized using 'CodeIgniter\Session\Handlers\FileHandler' driver.
INFO - 2024-12-30 14:56:36 --> Session: Class initialized using 'CodeIgniter\Session\Handlers\FileHandler' driver.
INFO - 2024-12-30 14:57:23 --> Session: Class initialized using 'CodeIgniter\Session\Handlers\FileHandler' driver.
INFO - 2024-12-30 14:57:23 --> Session: Class initialized using 'CodeIgniter\Session\Handlers\FileHandler' driver.
INFO - 2024-12-30 14:57:30 --> Session: Class initialized using 'CodeIgniter\Session\Handlers\FileHandler' driver.
INFO - 2024-12-30 14:57:30 --> Session: Class initialized using 'CodeIgniter\Session\Handlers\FileHandler' driver.
INFO - 2024-12-30 14:57:32 --> Session: Class initialized using 'CodeIgniter\Session\Handlers\FileHandler' driver.
INFO - 2024-12-30 14:57:51 --> Session: Class initialized using 'CodeIgniter\Session\Handlers\FileHandler' driver.
INFO - 2024-12-30 14:58:04 --> Session: Class initialized using 'CodeIgniter\Session\Handlers\FileHandler' driver.
INFO - 2024-12-30 14:58:35 --> Session: Class initialized using 'CodeIgniter\Session\Handlers\FileHandler' driver.
INFO - 2024-12-30 14:59:38 --> Session: Class initialized using 'CodeIgniter\Session\Handlers\FileHandler' driver.
INFO - 2024-12-30 15:00:23 --> Session: Class initialized using 'CodeIgniter\Session\Handlers\FileHandler' driver.
INFO - 2024-12-30 15:02:09 --> Session: Class initialized using 'CodeIgniter\Session\Handlers\FileHandler' driver.
INFO - 2024-12-30 15:02:47 --> Session: Class initialized using 'CodeIgniter\Session\Handlers\FileHandler' driver.
INFO - 2024-12-30 15:02:57 --> Session: Class initialized using 'CodeIgniter\Session\Handlers\FileHandler' driver.
INFO - 2024-12-30 23:40:03 --> Session: Class initialized using 'CodeIgniter\Session\Handlers\FileHandler' driver.
INFO - 2024-12-30 23:51:35 --> Session: Class initialized using 'CodeIgniter\Session\Handlers\FileHandler' driver.
ERROR - 2024-12-30 23:51:35 --> mysqli_sql_exception: Unknown column 'wa' in 'field list' in C:\xampp\htdocs\portal-fgroupindonesia\system\Database\MySQLi\Connection.php:308
Stack trace:
#0 C:\xampp\htdocs\portal-fgroupindonesia\system\Database\MySQLi\Connection.php(308): mysqli->query('UPDATE `table_u...', 0)
#1 C:\xampp\htdocs\portal-fgroupindonesia\system\Database\BaseConnection.php(722): CodeIgniter\Database\MySQLi\Connection->execute('UPDATE `table_u...')
#2 C:\xampp\htdocs\portal-fgroupindonesia\system\Database\BaseConnection.php(636): CodeIgniter\Database\BaseConnection->simpleQuery('UPDATE `table_u...')
#3 C:\xampp\htdocs\portal-fgroupindonesia\system\Database\BaseBuilder.php(2497): CodeIgniter\Database\BaseConnection->query('UPDATE `table_u...', Array, false)
#4 C:\xampp\htdocs\portal-fgroupindonesia\app\Models\UserModel.php(71): CodeIgniter\Database\BaseBuilder->update(Array, Array)
#5 C:\xampp\htdocs\portal-fgroupindonesia\app\Controllers\Works.php(118): App\Models\UserModel->update_existing(NULL, Array)
#6 C:\xampp\htdocs\portal-fgroupindonesia\system\CodeIgniter.php(933): App\Controllers\Works->user_update()
#7 C:\xampp\htdocs\portal-fgroupindonesia\system\CodeIgniter.php(509): CodeIgniter\CodeIgniter->runController(Object(App\Controllers\Works))
#8 C:\xampp\htdocs\portal-fgroupindonesia\system\CodeIgniter.php(355): CodeIgniter\CodeIgniter->handleRequest(NULL, Object(Config\Cache), false)
#9 C:\xampp\htdocs\portal-fgroupindonesia\system\Boot.php(312): CodeIgniter\CodeIgniter->run()
#10 C:\xampp\htdocs\portal-fgroupindonesia\system\Boot.php(67): CodeIgniter\Boot::runCodeIgniter(Object(CodeIgniter\CodeIgniter))
#11 C:\xampp\htdocs\portal-fgroupindonesia\public\index.php(56): CodeIgniter\Boot::bootWeb(Object(Config\Paths))
#12 {main}
CRITICAL - 2024-12-30 23:51:35 --> CodeIgniter\Database\Exceptions\DatabaseException: Unknown column 'wa' in 'field list'
[Method: POST, Route: manage/user/update]
in SYSTEMPATH\Database\BaseConnection.php on line 676.
 1 SYSTEMPATH\Database\BaseBuilder.php(2497): CodeIgniter\Database\BaseConnection->query('UPDATE `table_users` SET `nama_lengkap` = :nama_lengkap:, `username` = :username:, `email` = :email:, `pass` = :pass:, `wa` = :wa:, `propic` = :propic:
WHERE `id` IS NULL', [...], false)
 2 APPPATH\Models\UserModel.php(71): CodeIgniter\Database\BaseBuilder->update([...], [...])
 3 APPPATH\Controllers\Works.php(118): App\Models\UserModel->update_existing(null, [...])
 4 SYSTEMPATH\CodeIgniter.php(933): App\Controllers\Works->user_update()
 5 SYSTEMPATH\CodeIgniter.php(509): CodeIgniter\CodeIgniter->runController(Object(App\Controllers\Works))
 6 SYSTEMPATH\CodeIgniter.php(355): CodeIgniter\CodeIgniter->handleRequest(null, Object(Config\Cache), false)
 7 SYSTEMPATH\Boot.php(312): CodeIgniter\CodeIgniter->run()
 8 SYSTEMPATH\Boot.php(67): CodeIgniter\Boot::runCodeIgniter(Object(CodeIgniter\CodeIgniter))
 9 FCPATH\index.php(56): CodeIgniter\Boot::bootWeb(Object(Config\Paths))
CRITICAL - 2024-12-30 23:51:35 --> [Caused by] CodeIgniter\Database\Exceptions\DatabaseException: Unknown column 'wa' in 'field list'
in SYSTEMPATH\Database\MySQLi\Connection.php on line 313.
 1 SYSTEMPATH\Database\BaseConnection.php(722): CodeIgniter\Database\MySQLi\Connection->execute('UPDATE `table_users` SET `nama_lengkap` = NULL, `username` = NULL, `email` = NULL, `pass` = NULL, `wa` = NULL, `propic` = NULL
WHERE `id` IS NULL')
 2 SYSTEMPATH\Database\BaseConnection.php(636): CodeIgniter\Database\BaseConnection->simpleQuery('UPDATE `table_users` SET `nama_lengkap` = NULL, `username` = NULL, `email` = NULL, `pass` = NULL, `wa` = NULL, `propic` = NULL
WHERE `id` IS NULL')
 3 SYSTEMPATH\Database\BaseBuilder.php(2497): CodeIgniter\Database\BaseConnection->query('UPDATE `table_users` SET `nama_lengkap` = :nama_lengkap:, `username` = :username:, `email` = :email:, `pass` = :pass:, `wa` = :wa:, `propic` = :propic:
WHERE `id` IS NULL', [...], false)
 4 APPPATH\Models\UserModel.php(71): CodeIgniter\Database\BaseBuilder->update([...], [...])
 5 APPPATH\Controllers\Works.php(118): App\Models\UserModel->update_existing(null, [...])
 6 SYSTEMPATH\CodeIgniter.php(933): App\Controllers\Works->user_update()
 7 SYSTEMPATH\CodeIgniter.php(509): CodeIgniter\CodeIgniter->runController(Object(App\Controllers\Works))
 8 SYSTEMPATH\CodeIgniter.php(355): CodeIgniter\CodeIgniter->handleRequest(null, Object(Config\Cache), false)
 9 SYSTEMPATH\Boot.php(312): CodeIgniter\CodeIgniter->run()
10 SYSTEMPATH\Boot.php(67): CodeIgniter\Boot::runCodeIgniter(Object(CodeIgniter\CodeIgniter))
11 FCPATH\index.php(56): CodeIgniter\Boot::bootWeb(Object(Config\Paths))
CRITICAL - 2024-12-30 23:51:35 --> [Caused by] mysqli_sql_exception: Unknown column 'wa' in 'field list'
in SYSTEMPATH\Database\MySQLi\Connection.php on line 308.
 1 SYSTEMPATH\Database\MySQLi\Connection.php(308): mysqli->query('UPDATE `table_users` SET `nama_lengkap` = NULL, `username` = NULL, `email` = NULL, `pass` = NULL, `wa` = NULL, `propic` = NULL
WHERE `id` IS NULL', 0)
 2 SYSTEMPATH\Database\BaseConnection.php(722): CodeIgniter\Database\MySQLi\Connection->execute('UPDATE `table_users` SET `nama_lengkap` = NULL, `username` = NULL, `email` = NULL, `pass` = NULL, `wa` = NULL, `propic` = NULL
WHERE `id` IS NULL')
 3 SYSTEMPATH\Database\BaseConnection.php(636): CodeIgniter\Database\BaseConnection->simpleQuery('UPDATE `table_users` SET `nama_lengkap` = NULL, `username` = NULL, `email` = NULL, `pass` = NULL, `wa` = NULL, `propic` = NULL
WHERE `id` IS NULL')
 4 SYSTEMPATH\Database\BaseBuilder.php(2497): CodeIgniter\Database\BaseConnection->query('UPDATE `table_users` SET `nama_lengkap` = :nama_lengkap:, `username` = :username:, `email` = :email:, `pass` = :pass:, `wa` = :wa:, `propic` = :propic:
WHERE `id` IS NULL', [...], false)
 5 APPPATH\Models\UserModel.php(71): CodeIgniter\Database\BaseBuilder->update([...], [...])
 6 APPPATH\Controllers\Works.php(118): App\Models\UserModel->update_existing(null, [...])
 7 SYSTEMPATH\CodeIgniter.php(933): App\Controllers\Works->user_update()
 8 SYSTEMPATH\CodeIgniter.php(509): CodeIgniter\CodeIgniter->runController(Object(App\Controllers\Works))
 9 SYSTEMPATH\CodeIgniter.php(355): CodeIgniter\CodeIgniter->handleRequest(null, Object(Config\Cache), false)
10 SYSTEMPATH\Boot.php(312): CodeIgniter\CodeIgniter->run()
11 SYSTEMPATH\Boot.php(67): CodeIgniter\Boot::runCodeIgniter(Object(CodeIgniter\CodeIgniter))
12 FCPATH\index.php(56): CodeIgniter\Boot::bootWeb(Object(Config\Paths))
INFO - 2024-12-30 23:54:23 --> Session: Class initialized using 'CodeIgniter\Session\Handlers\FileHandler' driver.
ERROR - 2024-12-30 23:54:23 --> mysqli_sql_exception: Unknown column 'wa' in 'field list' in C:\xampp\htdocs\portal-fgroupindonesia\system\Database\MySQLi\Connection.php:308
Stack trace:
#0 C:\xampp\htdocs\portal-fgroupindonesia\system\Database\MySQLi\Connection.php(308): mysqli->query('UPDATE `table_u...', 0)
#1 C:\xampp\htdocs\portal-fgroupindonesia\system\Database\BaseConnection.php(722): CodeIgniter\Database\MySQLi\Connection->execute('UPDATE `table_u...')
#2 C:\xampp\htdocs\portal-fgroupindonesia\system\Database\BaseConnection.php(636): CodeIgniter\Database\BaseConnection->simpleQuery('UPDATE `table_u...')
#3 C:\xampp\htdocs\portal-fgroupindonesia\system\Database\BaseBuilder.php(2497): CodeIgniter\Database\BaseConnection->query('UPDATE `table_u...', Array, false)
#4 C:\xampp\htdocs\portal-fgroupindonesia\app\Models\UserModel.php(71): CodeIgniter\Database\BaseBuilder->update(Array, Array)
#5 C:\xampp\htdocs\portal-fgroupindonesia\app\Controllers\Works.php(118): App\Models\UserModel->update_existing(NULL, Array)
#6 C:\xampp\htdocs\portal-fgroupindonesia\system\CodeIgniter.php(933): App\Controllers\Works->user_update()
#7 C:\xampp\htdocs\portal-fgroupindonesia\system\CodeIgniter.php(509): CodeIgniter\CodeIgniter->runController(Object(App\Controllers\Works))
#8 C:\xampp\htdocs\portal-fgroupindonesia\system\CodeIgniter.php(355): CodeIgniter\CodeIgniter->handleRequest(NULL, Object(Config\Cache), false)
#9 C:\xampp\htdocs\portal-fgroupindonesia\system\Boot.php(312): CodeIgniter\CodeIgniter->run()
#10 C:\xampp\htdocs\portal-fgroupindonesia\system\Boot.php(67): CodeIgniter\Boot::runCodeIgniter(Object(CodeIgniter\CodeIgniter))
#11 C:\xampp\htdocs\portal-fgroupindonesia\public\index.php(56): CodeIgniter\Boot::bootWeb(Object(Config\Paths))
#12 {main}
CRITICAL - 2024-12-30 23:54:23 --> CodeIgniter\Database\Exceptions\DatabaseException: Unknown column 'wa' in 'field list'
[Method: POST, Route: manage/user/update]
in SYSTEMPATH\Database\BaseConnection.php on line 676.
 1 SYSTEMPATH\Database\BaseBuilder.php(2497): CodeIgniter\Database\BaseConnection->query('UPDATE `table_users` SET `nama_lengkap` = :nama_lengkap:, `username` = :username:, `email` = :email:, `pass` = :pass:, `wa` = :wa:, `propic` = :propic:
WHERE `id` IS NULL', [...], false)
 2 APPPATH\Models\UserModel.php(71): CodeIgniter\Database\BaseBuilder->update([...], [...])
 3 APPPATH\Controllers\Works.php(118): App\Models\UserModel->update_existing(null, [...])
 4 SYSTEMPATH\CodeIgniter.php(933): App\Controllers\Works->user_update()
 5 SYSTEMPATH\CodeIgniter.php(509): CodeIgniter\CodeIgniter->runController(Object(App\Controllers\Works))
 6 SYSTEMPATH\CodeIgniter.php(355): CodeIgniter\CodeIgniter->handleRequest(null, Object(Config\Cache), false)
 7 SYSTEMPATH\Boot.php(312): CodeIgniter\CodeIgniter->run()
 8 SYSTEMPATH\Boot.php(67): CodeIgniter\Boot::runCodeIgniter(Object(CodeIgniter\CodeIgniter))
 9 FCPATH\index.php(56): CodeIgniter\Boot::bootWeb(Object(Config\Paths))
CRITICAL - 2024-12-30 23:54:23 --> [Caused by] CodeIgniter\Database\Exceptions\DatabaseException: Unknown column 'wa' in 'field list'
in SYSTEMPATH\Database\MySQLi\Connection.php on line 313.
 1 SYSTEMPATH\Database\BaseConnection.php(722): CodeIgniter\Database\MySQLi\Connection->execute('UPDATE `table_users` SET `nama_lengkap` = \'a\', `username` = \'b\', `email` = \'em\', `pass` = \'b\', `wa` = NULL, `propic` = \'file.png\'
WHERE `id` IS NULL')
 2 SYSTEMPATH\Database\BaseConnection.php(636): CodeIgniter\Database\BaseConnection->simpleQuery('UPDATE `table_users` SET `nama_lengkap` = \'a\', `username` = \'b\', `email` = \'em\', `pass` = \'b\', `wa` = NULL, `propic` = \'file.png\'
WHERE `id` IS NULL')
 3 SYSTEMPATH\Database\BaseBuilder.php(2497): CodeIgniter\Database\BaseConnection->query('UPDATE `table_users` SET `nama_lengkap` = :nama_lengkap:, `username` = :username:, `email` = :email:, `pass` = :pass:, `wa` = :wa:, `propic` = :propic:
WHERE `id` IS NULL', [...], false)
 4 APPPATH\Models\UserModel.php(71): CodeIgniter\Database\BaseBuilder->update([...], [...])
 5 APPPATH\Controllers\Works.php(118): App\Models\UserModel->update_existing(null, [...])
 6 SYSTEMPATH\CodeIgniter.php(933): App\Controllers\Works->user_update()
 7 SYSTEMPATH\CodeIgniter.php(509): CodeIgniter\CodeIgniter->runController(Object(App\Controllers\Works))
 8 SYSTEMPATH\CodeIgniter.php(355): CodeIgniter\CodeIgniter->handleRequest(null, Object(Config\Cache), false)
 9 SYSTEMPATH\Boot.php(312): CodeIgniter\CodeIgniter->run()
10 SYSTEMPATH\Boot.php(67): CodeIgniter\Boot::runCodeIgniter(Object(CodeIgniter\CodeIgniter))
11 FCPATH\index.php(56): CodeIgniter\Boot::bootWeb(Object(Config\Paths))
CRITICAL - 2024-12-30 23:54:23 --> [Caused by] mysqli_sql_exception: Unknown column 'wa' in 'field list'
in SYSTEMPATH\Database\MySQLi\Connection.php on line 308.
 1 SYSTEMPATH\Database\MySQLi\Connection.php(308): mysqli->query('UPDATE `table_users` SET `nama_lengkap` = \'a\', `username` = \'b\', `email` = \'em\', `pass` = \'b\', `wa` = NULL, `propic` = \'file.png\'
WHERE `id` IS NULL', 0)
 2 SYSTEMPATH\Database\BaseConnection.php(722): CodeIgniter\Database\MySQLi\Connection->execute('UPDATE `table_users` SET `nama_lengkap` = \'a\', `username` = \'b\', `email` = \'em\', `pass` = \'b\', `wa` = NULL, `propic` = \'file.png\'
WHERE `id` IS NULL')
 3 SYSTEMPATH\Database\BaseConnection.php(636): CodeIgniter\Database\BaseConnection->simpleQuery('UPDATE `table_users` SET `nama_lengkap` = \'a\', `username` = \'b\', `email` = \'em\', `pass` = \'b\', `wa` = NULL, `propic` = \'file.png\'
WHERE `id` IS NULL')
 4 SYSTEMPATH\Database\BaseBuilder.php(2497): CodeIgniter\Database\BaseConnection->query('UPDATE `table_users` SET `nama_lengkap` = :nama_lengkap:, `username` = :username:, `email` = :email:, `pass` = :pass:, `wa` = :wa:, `propic` = :propic:
WHERE `id` IS NULL', [...], false)
 5 APPPATH\Models\UserModel.php(71): CodeIgniter\Database\BaseBuilder->update([...], [...])
 6 APPPATH\Controllers\Works.php(118): App\Models\UserModel->update_existing(null, [...])
 7 SYSTEMPATH\CodeIgniter.php(933): App\Controllers\Works->user_update()
 8 SYSTEMPATH\CodeIgniter.php(509): CodeIgniter\CodeIgniter->runController(Object(App\Controllers\Works))
 9 SYSTEMPATH\CodeIgniter.php(355): CodeIgniter\CodeIgniter->handleRequest(null, Object(Config\Cache), false)
10 SYSTEMPATH\Boot.php(312): CodeIgniter\CodeIgniter->run()
11 SYSTEMPATH\Boot.php(67): CodeIgniter\Boot::runCodeIgniter(Object(CodeIgniter\CodeIgniter))
12 FCPATH\index.php(56): CodeIgniter\Boot::bootWeb(Object(Config\Paths))
INFO - 2024-12-30 23:54:43 --> Session: Class initialized using 'CodeIgniter\Session\Handlers\FileHandler' driver.
CRITICAL - 2024-12-30 23:54:43 --> Error: Call to a member function affectedRows() on bool
[Method: POST, Route: manage/user/update]
in APPPATH\Models\UserModel.php on line 73.
 1 APPPATH\Controllers\Works.php(118): App\Models\UserModel->update_existing(null, [...])
 2 SYSTEMPATH\CodeIgniter.php(933): App\Controllers\Works->user_update()
 3 SYSTEMPATH\CodeIgniter.php(509): CodeIgniter\CodeIgniter->runController(Object(App\Controllers\Works))
 4 SYSTEMPATH\CodeIgniter.php(355): CodeIgniter\CodeIgniter->handleRequest(null, Object(Config\Cache), false)
 5 SYSTEMPATH\Boot.php(312): CodeIgniter\CodeIgniter->run()
 6 SYSTEMPATH\Boot.php(67): CodeIgniter\Boot::runCodeIgniter(Object(CodeIgniter\CodeIgniter))
 7 FCPATH\index.php(56): CodeIgniter\Boot::bootWeb(Object(Config\Paths))
INFO - 2024-12-30 23:55:09 --> Session: Class initialized using 'CodeIgniter\Session\Handlers\FileHandler' driver.
CRITICAL - 2024-12-30 23:55:09 --> Error: Call to a member function affectedRows() on bool
[Method: POST, Route: manage/user/update]
in APPPATH\Models\UserModel.php on line 73.
 1 APPPATH\Controllers\Works.php(118): App\Models\UserModel->update_existing(null, [...])
 2 SYSTEMPATH\CodeIgniter.php(933): App\Controllers\Works->user_update()
 3 SYSTEMPATH\CodeIgniter.php(509): CodeIgniter\CodeIgniter->runController(Object(App\Controllers\Works))
 4 SYSTEMPATH\CodeIgniter.php(355): CodeIgniter\CodeIgniter->handleRequest(null, Object(Config\Cache), false)
 5 SYSTEMPATH\Boot.php(312): CodeIgniter\CodeIgniter->run()
 6 SYSTEMPATH\Boot.php(67): CodeIgniter\Boot::runCodeIgniter(Object(CodeIgniter\CodeIgniter))
 7 FCPATH\index.php(56): CodeIgniter\Boot::bootWeb(Object(Config\Paths))
INFO - 2024-12-30 23:56:00 --> Session: Class initialized using 'CodeIgniter\Session\Handlers\FileHandler' driver.
INFO - 2024-12-30 23:56:29 --> Session: Class initialized using 'CodeIgniter\Session\Handlers\FileHandler' driver.
CRITICAL - 2024-12-30 23:56:29 --> Error: Call to a member function affectedRows() on bool
[Method: POST, Route: manage/user/update]
in APPPATH\Models\UserModel.php on line 73.
 1 APPPATH\Controllers\Works.php(118): App\Models\UserModel->update_existing('3', [...])
 2 SYSTEMPATH\CodeIgniter.php(933): App\Controllers\Works->user_update()
 3 SYSTEMPATH\CodeIgniter.php(509): CodeIgniter\CodeIgniter->runController(Object(App\Controllers\Works))
 4 SYSTEMPATH\CodeIgniter.php(355): CodeIgniter\CodeIgniter->handleRequest(null, Object(Config\Cache), false)
 5 SYSTEMPATH\Boot.php(312): CodeIgniter\CodeIgniter->run()
 6 SYSTEMPATH\Boot.php(67): CodeIgniter\Boot::runCodeIgniter(Object(CodeIgniter\CodeIgniter))
 7 FCPATH\index.php(56): CodeIgniter\Boot::bootWeb(Object(Config\Paths))
INFO - 2024-12-30 23:59:07 --> Session: Class initialized using 'CodeIgniter\Session\Handlers\FileHandler' driver.
CRITICAL - 2024-12-30 23:59:07 --> Error: Call to a member function affectedRows() on bool
[Method: POST, Route: manage/user/update]
in APPPATH\Models\UserModel.php on line 73.
 1 APPPATH\Controllers\Works.php(118): App\Models\UserModel->update_existing('3', [...])
 2 SYSTEMPATH\CodeIgniter.php(933): App\Controllers\Works->user_update()
 3 SYSTEMPATH\CodeIgniter.php(509): CodeIgniter\CodeIgniter->runController(Object(App\Controllers\Works))
 4 SYSTEMPATH\CodeIgniter.php(355): CodeIgniter\CodeIgniter->handleRequest(null, Object(Config\Cache), false)
 5 SYSTEMPATH\Boot.php(312): CodeIgniter\CodeIgniter->run()
 6 SYSTEMPATH\Boot.php(67): CodeIgniter\Boot::runCodeIgniter(Object(CodeIgniter\CodeIgniter))
 7 FCPATH\index.php(56): CodeIgniter\Boot::bootWeb(Object(Config\Paths))
INFO - 2024-12-30 23:59:30 --> Session: Class initialized using 'CodeIgniter\Session\Handlers\FileHandler' driver.
